15-Mar-2026 12:43:41.509 starting BIND 9.20.18-1~deb13u1-Debian (Stable Release) <id:>
15-Mar-2026 12:43:41.509 running on Linux x86_64 6.12.63+deb13-amd64 #1 SMP PREEMPT_DYNAMIC Debian 6.12.63-1 (2025-12-30)
15-Mar-2026 12:43:41.509 built with  '--build=x86_64-linux-gnu' '--prefix=/usr' '--includedir=${prefix}/include' '--mandir=${prefix}/share/man' '--infodir=${prefix}/share/info' '--sysconfdir=/etc' '--localstatedir=/var' '--disable-option-checking' '--disable-silent-rules' '--libdir=${prefix}/lib/x86_64-linux-gnu' '--runstatedir=/run' '--disable-maintainer-mode' '--disable-dependency-tracking' '--libdir=/usr/lib/x86_64-linux-gnu' '--sysconfdir=/etc/bind' '--with-python=python3' '--localstatedir=/' '--enable-threads' '--enable-largefile' '--with-libtool' '--enable-shared' '--disable-static' '--with-gost=no' '--with-openssl=/usr' '--with-gssapi=yes' '--with-libidn2' '--with-json-c' '--with-lmdb=/usr' '--with-gnu-ld' '--with-maxminddb' '--with-atf=no' '--enable-ipv6' '--enable-rrl' '--enable-filter-aaaa' '--disable-native-pkcs11' '--enable-dnstap' 'build_alias=x86_64-linux-gnu' 'CFLAGS=-g -O2 -Werror=implicit-function-declaration -ffile-prefix-map=/build/reproducible-path/bind9-9.20.18=. -fstack-protector-strong -fstack-clash-protection -Wformat -Werror=format-security -fcf-protection -fno-strict-aliasing -fno-delete-null-pointer-checks -DNO_VERSION_DATE -DDIG_SIGCHASE' 'LDFLAGS=-Wl,-z,relro -Wl,-z,now' 'CPPFLAGS=-Wdate-time -D_FORTIFY_SOURCE=2'
15-Mar-2026 12:43:41.509 running as: named -g -c /etc/bind/named.conf
15-Mar-2026 12:43:41.509 compiled by GCC 14.2.0
15-Mar-2026 12:43:41.509 compiled with OpenSSL version: OpenSSL 3.5.4 30 Sep 2025
15-Mar-2026 12:43:41.509 linked to OpenSSL version: OpenSSL 3.5.5 27 Jan 2026
15-Mar-2026 12:43:41.509 compiled with libuv version: 1.50.0
15-Mar-2026 12:43:41.509 linked to libuv version: 1.50.0
15-Mar-2026 12:43:41.509 compiled with liburcu version: 0.15.2
15-Mar-2026 12:43:41.509 compiled with jemalloc version: 5.3.0
15-Mar-2026 12:43:41.509 compiled with libnghttp2 version: 1.64.0
15-Mar-2026 12:43:41.509 linked to libnghttp2 version: 1.64.0
15-Mar-2026 12:43:41.509 compiled with libxml2 version: 2.9.14
15-Mar-2026 12:43:41.509 linked to libxml2 version: 20914
15-Mar-2026 12:43:41.509 compiled with json-c version: 0.18
15-Mar-2026 12:43:41.509 linked to json-c version: 0.18
15-Mar-2026 12:43:41.509 compiled with zlib version: 1.3.1
15-Mar-2026 12:43:41.509 linked to zlib version: 1.3.1
15-Mar-2026 12:43:41.509 linked to maxminddb version: 1.12.2
15-Mar-2026 12:43:41.509 compiled with protobuf-c version: 1.5.1
15-Mar-2026 12:43:41.509 linked to protobuf-c version: 1.5.1
15-Mar-2026 12:43:41.509 ----------------------------------------------------
15-Mar-2026 12:43:41.509 BIND 9 is maintained by Internet Systems Consortium,
15-Mar-2026 12:43:41.509 Inc. (ISC), a non-profit 501(c)(3) public-benefit 
15-Mar-2026 12:43:41.509 corporation.  Support and training for BIND 9 are 
15-Mar-2026 12:43:41.509 available at https://www.isc.org/support
15-Mar-2026 12:43:41.509 ----------------------------------------------------
15-Mar-2026 12:43:41.509 the limit on open files is already at the maximum allowed value: 1073741816
15-Mar-2026 12:43:41.509 found 4 CPUs, using 4 worker threads
15-Mar-2026 12:43:41.509 DNSSEC algorithms: RSASHA1 NSEC3RSASHA1 RSASHA256 RSASHA512 ECDSAP256SHA256 ECDSAP384SHA384 ED25519 ED448
15-Mar-2026 12:43:41.509 DS algorithms: SHA-1 SHA-256 SHA-384
15-Mar-2026 12:43:41.509 HMAC algorithms: HMAC-MD5 HMAC-SHA1 HMAC-SHA224 HMAC-SHA256 HMAC-SHA384 HMAC-SHA512
15-Mar-2026 12:43:41.509 TKEY mode 2 support (Diffie-Hellman): no
15-Mar-2026 12:43:41.509 TKEY mode 3 support (GSS-API): yes
15-Mar-2026 12:43:41.517 the initial working directory is '/'
15-Mar-2026 12:43:41.517 loading configuration from '/etc/bind/named.conf'
15-Mar-2026 12:43:41.517 the working directory is now '/var/cache/bind'
15-Mar-2026 12:43:41.517 looking for GeoIP2 databases in '/usr/share/GeoIP'
15-Mar-2026 12:43:41.517 using default UDP/IPv4 port range: [32768, 60999]
15-Mar-2026 12:43:41.517 using default UDP/IPv6 port range: [32768, 60999]
15-Mar-2026 12:43:41.517 listening on IPv4 interface lo, 127.0.0.1#53
15-Mar-2026 12:43:41.517 listening on IPv4 interface eth2, 172.22.0.10#53
15-Mar-2026 12:43:41.517 listening on IPv4 interface eth1, 172.21.0.20#53
15-Mar-2026 12:43:41.517 listening on IPv4 interface eth0, 172.28.0.4#53
15-Mar-2026 12:43:41.517 IPv6 socket API is incomplete; explicitly binding to each IPv6 address separately
15-Mar-2026 12:43:41.517 listening on IPv6 interface lo, ::1#53
15-Mar-2026 12:43:41.517 Disabling periodic interface re-scans timer
15-Mar-2026 12:43:41.517 generating session key for dynamic DNS
15-Mar-2026 12:43:41.521 none:97: 'max-cache-size 90%' - setting to 7050MB (out of 7833MB)
15-Mar-2026 12:43:41.521 using built-in root key for view _default
15-Mar-2026 12:43:41.521 set up managed keys zone for view _default, file 'managed-keys.bind'
15-Mar-2026 12:43:41.521 automatic empty zone: 10.IN-ADDR.ARPA
15-Mar-2026 12:43:41.521 automatic empty zone: 16.172.IN-ADDR.ARPA
15-Mar-2026 12:43:41.521 automatic empty zone: 17.172.IN-ADDR.ARPA
15-Mar-2026 12:43:41.521 automatic empty zone: 18.172.IN-ADDR.ARPA
15-Mar-2026 12:43:41.521 automatic empty zone: 19.172.IN-ADDR.ARPA
15-Mar-2026 12:43:41.521 automatic empty zone: 20.172.IN-ADDR.ARPA
15-Mar-2026 12:43:41.521 automatic empty zone: 21.172.IN-ADDR.ARPA
15-Mar-2026 12:43:41.521 automatic empty zone: 22.172.IN-ADDR.ARPA
15-Mar-2026 12:43:41.521 automatic empty zone: 23.172.IN-ADDR.ARPA
15-Mar-2026 12:43:41.521 automatic empty zone: 24.172.IN-ADDR.ARPA
15-Mar-2026 12:43:41.521 automatic empty zone: 25.172.IN-ADDR.ARPA
15-Mar-2026 12:43:41.521 automatic empty zone: 26.172.IN-ADDR.ARPA
15-Mar-2026 12:43:41.521 automatic empty zone: 27.172.IN-ADDR.ARPA
15-Mar-2026 12:43:41.521 automatic empty zone: 28.172.IN-ADDR.ARPA
15-Mar-2026 12:43:41.521 automatic empty zone: 29.172.IN-ADDR.ARPA
15-Mar-2026 12:43:41.521 automatic empty zone: 30.172.IN-ADDR.ARPA
15-Mar-2026 12:43:41.521 automatic empty zone: 31.172.IN-ADDR.ARPA
15-Mar-2026 12:43:41.521 automatic empty zone: 168.192.IN-ADDR.ARPA
15-Mar-2026 12:43:41.521 automatic empty zone: 64.100.IN-ADDR.ARPA
15-Mar-2026 12:43:41.521 automatic empty zone: 65.100.IN-ADDR.ARPA
15-Mar-2026 12:43:41.521 automatic empty zone: 66.100.IN-ADDR.ARPA
15-Mar-2026 12:43:41.521 automatic empty zone: 67.100.IN-ADDR.ARPA
15-Mar-2026 12:43:41.521 automatic empty zone: 68.100.IN-ADDR.ARPA
15-Mar-2026 12:43:41.521 automatic empty zone: 69.100.IN-ADDR.ARPA
15-Mar-2026 12:43:41.521 automatic empty zone: 70.100.IN-ADDR.ARPA
15-Mar-2026 12:43:41.521 automatic empty zone: 71.100.IN-ADDR.ARPA
15-Mar-2026 12:43:41.521 automatic empty zone: 72.100.IN-ADDR.ARPA
15-Mar-2026 12:43:41.521 automatic empty zone: 73.100.IN-ADDR.ARPA
15-Mar-2026 12:43:41.521 automatic empty zone: 74.100.IN-ADDR.ARPA
15-Mar-2026 12:43:41.521 automatic empty zone: 75.100.IN-ADDR.ARPA
15-Mar-2026 12:43:41.521 automatic empty zone: 76.100.IN-ADDR.ARPA
15-Mar-2026 12:43:41.521 automatic empty zone: 77.100.IN-ADDR.ARPA
15-Mar-2026 12:43:41.521 automatic empty zone: 78.100.IN-ADDR.ARPA
15-Mar-2026 12:43:41.521 automatic empty zone: 79.100.IN-ADDR.ARPA
15-Mar-2026 12:43:41.521 automatic empty zone: 80.100.IN-ADDR.ARPA
15-Mar-2026 12:43:41.521 automatic empty zone: 81.100.IN-ADDR.ARPA
15-Mar-2026 12:43:41.521 automatic empty zone: 82.100.IN-ADDR.ARPA
15-Mar-2026 12:43:41.521 automatic empty zone: 83.100.IN-ADDR.ARPA
15-Mar-2026 12:43:41.521 automatic empty zone: 84.100.IN-ADDR.ARPA
15-Mar-2026 12:43:41.521 automatic empty zone: 85.100.IN-ADDR.ARPA
15-Mar-2026 12:43:41.521 automatic empty zone: 86.100.IN-ADDR.ARPA
15-Mar-2026 12:43:41.521 automatic empty zone: 87.100.IN-ADDR.ARPA
15-Mar-2026 12:43:41.521 automatic empty zone: 88.100.IN-ADDR.ARPA
15-Mar-2026 12:43:41.521 automatic empty zone: 89.100.IN-ADDR.ARPA
15-Mar-2026 12:43:41.521 automatic empty zone: 90.100.IN-ADDR.ARPA
15-Mar-2026 12:43:41.521 automatic empty zone: 91.100.IN-ADDR.ARPA
15-Mar-2026 12:43:41.521 automatic empty zone: 92.100.IN-ADDR.ARPA
15-Mar-2026 12:43:41.521 automatic empty zone: 93.100.IN-ADDR.ARPA
15-Mar-2026 12:43:41.521 automatic empty zone: 94.100.IN-ADDR.ARPA
15-Mar-2026 12:43:41.521 automatic empty zone: 95.100.IN-ADDR.ARPA
15-Mar-2026 12:43:41.521 automatic empty zone: 96.100.IN-ADDR.ARPA
15-Mar-2026 12:43:41.521 automatic empty zone: 97.100.IN-ADDR.ARPA
15-Mar-2026 12:43:41.521 automatic empty zone: 98.100.IN-ADDR.ARPA
15-Mar-2026 12:43:41.521 automatic empty zone: 99.100.IN-ADDR.ARPA
15-Mar-2026 12:43:41.521 automatic empty zone: 100.100.IN-ADDR.ARPA
15-Mar-2026 12:43:41.521 automatic empty zone: 101.100.IN-ADDR.ARPA
15-Mar-2026 12:43:41.521 automatic empty zone: 102.100.IN-ADDR.ARPA
15-Mar-2026 12:43:41.521 automatic empty zone: 103.100.IN-ADDR.ARPA
15-Mar-2026 12:43:41.521 automatic empty zone: 104.100.IN-ADDR.ARPA
15-Mar-2026 12:43:41.521 automatic empty zone: 105.100.IN-ADDR.ARPA
15-Mar-2026 12:43:41.521 automatic empty zone: 106.100.IN-ADDR.ARPA
15-Mar-2026 12:43:41.521 automatic empty zone: 107.100.IN-ADDR.ARPA
15-Mar-2026 12:43:41.521 automatic empty zone: 108.100.IN-ADDR.ARPA
15-Mar-2026 12:43:41.521 automatic empty zone: 109.100.IN-ADDR.ARPA
15-Mar-2026 12:43:41.521 automatic empty zone: 110.100.IN-ADDR.ARPA
15-Mar-2026 12:43:41.521 automatic empty zone: 111.100.IN-ADDR.ARPA
15-Mar-2026 12:43:41.521 automatic empty zone: 112.100.IN-ADDR.ARPA
15-Mar-2026 12:43:41.521 automatic empty zone: 113.100.IN-ADDR.ARPA
15-Mar-2026 12:43:41.521 automatic empty zone: 114.100.IN-ADDR.ARPA
15-Mar-2026 12:43:41.521 automatic empty zone: 115.100.IN-ADDR.ARPA
15-Mar-2026 12:43:41.521 automatic empty zone: 116.100.IN-ADDR.ARPA
15-Mar-2026 12:43:41.521 automatic empty zone: 117.100.IN-ADDR.ARPA
15-Mar-2026 12:43:41.521 automatic empty zone: 118.100.IN-ADDR.ARPA
15-Mar-2026 12:43:41.521 automatic empty zone: 119.100.IN-ADDR.ARPA
15-Mar-2026 12:43:41.521 automatic empty zone: 120.100.IN-ADDR.ARPA
15-Mar-2026 12:43:41.521 automatic empty zone: 121.100.IN-ADDR.ARPA
15-Mar-2026 12:43:41.521 automatic empty zone: 122.100.IN-ADDR.ARPA
15-Mar-2026 12:43:41.521 automatic empty zone: 123.100.IN-ADDR.ARPA
15-Mar-2026 12:43:41.521 automatic empty zone: 124.100.IN-ADDR.ARPA
15-Mar-2026 12:43:41.521 automatic empty zone: 125.100.IN-ADDR.ARPA
15-Mar-2026 12:43:41.521 automatic empty zone: 126.100.IN-ADDR.ARPA
15-Mar-2026 12:43:41.521 automatic empty zone: 127.100.IN-ADDR.ARPA
15-Mar-2026 12:43:41.521 automatic empty zone: 0.IN-ADDR.ARPA
15-Mar-2026 12:43:41.521 automatic empty zone: 127.IN-ADDR.ARPA
15-Mar-2026 12:43:41.521 automatic empty zone: 254.169.IN-ADDR.ARPA
15-Mar-2026 12:43:41.521 automatic empty zone: 2.0.192.IN-ADDR.ARPA
15-Mar-2026 12:43:41.521 automatic empty zone: 100.51.198.IN-ADDR.ARPA
15-Mar-2026 12:43:41.521 automatic empty zone: 113.0.203.IN-ADDR.ARPA
15-Mar-2026 12:43:41.521 automatic empty zone: 255.255.255.255.IN-ADDR.ARPA
15-Mar-2026 12:43:41.521 automatic empty zone: 0.0.0.0.0.0.0.0.0.0.0.0.0.0.0.0.0.0.0.0.0.0.0.0.0.0.0.0.0.0.0.0.IP6.ARPA
15-Mar-2026 12:43:41.521 automatic empty zone: 1.0.0.0.0.0.0.0.0.0.0.0.0.0.0.0.0.0.0.0.0.0.0.0.0.0.0.0.0.0.0.0.IP6.ARPA
15-Mar-2026 12:43:41.521 automatic empty zone: D.F.IP6.ARPA
15-Mar-2026 12:43:41.521 automatic empty zone: 8.E.F.IP6.ARPA
15-Mar-2026 12:43:41.521 automatic empty zone: 9.E.F.IP6.ARPA
15-Mar-2026 12:43:41.521 automatic empty zone: A.E.F.IP6.ARPA
15-Mar-2026 12:43:41.521 automatic empty zone: B.E.F.IP6.ARPA
15-Mar-2026 12:43:41.521 automatic empty zone: 8.B.D.0.1.0.0.2.IP6.ARPA
15-Mar-2026 12:43:41.521 automatic empty zone: EMPTY.AS112.ARPA
15-Mar-2026 12:43:41.521 automatic empty zone: HOME.ARPA
15-Mar-2026 12:43:41.521 automatic empty zone: RESOLVER.ARPA
15-Mar-2026 12:43:41.521 not using config file logging statement for logging due to -g option
15-Mar-2026 12:43:41.521 configuring command channel from '/etc/bind/rndc.key'
15-Mar-2026 12:43:41.521 open: /etc/bind/rndc.key: permission denied
15-Mar-2026 12:43:41.521 command channel listening on 127.0.0.1#953
15-Mar-2026 12:43:41.521 configuring command channel from '/etc/bind/rndc.key'
15-Mar-2026 12:43:41.521 open: /etc/bind/rndc.key: permission denied
15-Mar-2026 12:43:41.521 command channel listening on ::1#953
15-Mar-2026 12:43:41.521 managed-keys-zone: loaded serial 2
15-Mar-2026 12:43:41.525 zone legitshipping.co.il/IN: loaded serial 2024060702
15-Mar-2026 12:43:41.529 all zones loaded
15-Mar-2026 12:43:41.529 FIPS mode is disabled
15-Mar-2026 12:43:41.529 running
15-Mar-2026 12:43:41.529 network unreachable resolving './DNSKEY/IN': 2001:503:ba3e::2:30#53
15-Mar-2026 12:43:41.529 network unreachable resolving './DNSKEY/IN': 2001:500:12::d0d#53
15-Mar-2026 12:43:41.529 network unreachable resolving './NS/IN': 2001:500:12::d0d#53
15-Mar-2026 12:43:41.529 network unreachable resolving './DNSKEY/IN': 2001:500:2f::f#53
15-Mar-2026 12:43:41.529 network unreachable resolving './NS/IN': 2001:500:2f::f#53
15-Mar-2026 12:43:41.529 network unreachable resolving './DNSKEY/IN': 2001:7fe::53#53
15-Mar-2026 12:43:41.529 network unreachable resolving './NS/IN': 2001:7fe::53#53
15-Mar-2026 12:43:41.529 network unreachable resolving './DNSKEY/IN': 2801:1b8:10::b#53
15-Mar-2026 12:43:41.529 network unreachable resolving './NS/IN': 2801:1b8:10::b#53
15-Mar-2026 12:43:41.529 network unreachable resolving './DNSKEY/IN': 2001:500:2d::d#53
15-Mar-2026 12:43:41.529 network unreachable resolving './NS/IN': 2001:500:2d::d#53
15-Mar-2026 12:43:41.529 network unreachable resolving './DNSKEY/IN': 2001:500:1::53#53
15-Mar-2026 12:43:41.529 network unreachable resolving './NS/IN': 2001:500:1::53#53
15-Mar-2026 12:43:41.529 network unreachable resolving './DNSKEY/IN': 2001:503:c27::2:30#53
15-Mar-2026 12:43:41.529 network unreachable resolving './NS/IN': 2001:503:c27::2:30#53
15-Mar-2026 12:43:41.529 network unreachable resolving './DNSKEY/IN': 2001:7fd::1#53
15-Mar-2026 12:43:41.529 network unreachable resolving './NS/IN': 2001:7fd::1#53
15-Mar-2026 12:43:41.529 network unreachable resolving './DNSKEY/IN': 2001:500:a8::e#53
15-Mar-2026 12:43:41.529 network unreachable resolving './NS/IN': 2001:500:a8::e#53
15-Mar-2026 12:43:41.529 network unreachable resolving './DNSKEY/IN': 2001:500:2::c#53
15-Mar-2026 12:43:41.529 network unreachable resolving './NS/IN': 2001:500:2::c#53
15-Mar-2026 12:43:41.529 network unreachable resolving './DNSKEY/IN': 2001:500:9f::42#53
15-Mar-2026 12:43:41.529 network unreachable resolving './NS/IN': 2001:500:9f::42#53
15-Mar-2026 12:43:41.529 network unreachable resolving './DNSKEY/IN': 2001:dc3::35#53
15-Mar-2026 12:43:41.529 network unreachable resolving './NS/IN': 2001:dc3::35#53
15-Mar-2026 12:43:41.741 managed-keys-zone: Key 20326 for zone . is now trusted (acceptance timer complete)
15-Mar-2026 12:43:41.741 managed-keys-zone: Key 38696 for zone . is now trusted (acceptance timer complete)
15-Mar-2026 13:45:24.736 no longer listening on 127.0.0.1#53
15-Mar-2026 13:45:24.736 no longer listening on 172.22.0.10#53
15-Mar-2026 13:45:24.740 no longer listening on 172.21.0.20#53
15-Mar-2026 13:45:24.740 no longer listening on 172.28.0.4#53
15-Mar-2026 13:45:24.740 no longer listening on ::1#53
15-Mar-2026 13:45:24.740 stopping command channel on 127.0.0.1#953
15-Mar-2026 13:45:24.740 stopping command channel on ::1#953
15-Mar-2026 13:45:24.740 shutting down
15-Mar-2026 13:45:24.764 exiting
