update-alternatives 2026-03-11 15:17:52: run with --quiet --install /usr/bin/pager pager /usr/bin/less 77 --slave /usr/share/man/man1/pager.1.gz pager.1.gz /usr/share/man/man1/less.1.gz
update-alternatives 2026-03-11 15:17:52: link group pager updated to point to /usr/bin/less
update-alternatives 2026-03-11 15:18:06: run with --install /usr/bin/editor editor /usr/bin/vim.basic 30 --slave /usr/share/man/man1/editor.1.gz editor.1.gz /usr/share/man/man1/vim.1.gz --slave /usr/share/man/da/man1/editor.1.gz editor.da.1.gz /usr/share/man/da/man1/vim.1.gz --slave /usr/share/man/de/man1/editor.1.gz editor.de.1.gz /usr/share/man/de/man1/vim.1.gz --slave /usr/share/man/fr/man1/editor.1.gz editor.fr.1.gz /usr/share/man/fr/man1/vim.1.gz --slave /usr/share/man/it/man1/editor.1.gz editor.it.1.gz /usr/share/man/it/man1/vim.1.gz --slave /usr/share/man/ja/man1/editor.1.gz editor.ja.1.gz /usr/share/man/ja/man1/vim.1.gz --slave /usr/share/man/pl/man1/editor.1.gz editor.pl.1.gz /usr/share/man/pl/man1/vim.1.gz --slave /usr/share/man/ru/man1/editor.1.gz editor.ru.1.gz /usr/share/man/ru/man1/vim.1.gz --slave /usr/share/man/tr/man1/editor.1.gz editor.tr.1.gz /usr/share/man/tr/man1/vim.1.gz
update-alternatives 2026-03-11 15:18:06: link group editor updated to point to /usr/bin/vim.basic
update-alternatives 2026-03-11 15:18:06: run with --install /usr/bin/ex ex /usr/bin/vim.basic 30 --slave /usr/share/man/man1/ex.1.gz ex.1.gz /usr/share/man/man1/vim.1.gz --slave /usr/share/man/da/man1/ex.1.gz ex.da.1.gz /usr/share/man/da/man1/vim.1.gz --slave /usr/share/man/de/man1/ex.1.gz ex.de.1.gz /usr/share/man/de/man1/vim.1.gz --slave /usr/share/man/fr/man1/ex.1.gz ex.fr.1.gz /usr/share/man/fr/man1/vim.1.gz --slave /usr/share/man/it/man1/ex.1.gz ex.it.1.gz /usr/share/man/it/man1/vim.1.gz --slave /usr/share/man/ja/man1/ex.1.gz ex.ja.1.gz /usr/share/man/ja/man1/vim.1.gz --slave /usr/share/man/pl/man1/ex.1.gz ex.pl.1.gz /usr/share/man/pl/man1/vim.1.gz --slave /usr/share/man/ru/man1/ex.1.gz ex.ru.1.gz /usr/share/man/ru/man1/vim.1.gz --slave /usr/share/man/tr/man1/ex.1.gz ex.tr.1.gz /usr/share/man/tr/man1/vim.1.gz
update-alternatives 2026-03-11 15:18:06: link group ex updated to point to /usr/bin/vim.basic
update-alternatives 2026-03-11 15:18:06: run with --install /usr/bin/rview rview /usr/bin/vim.basic 30
update-alternatives 2026-03-11 15:18:06: link group rview updated to point to /usr/bin/vim.basic
update-alternatives 2026-03-11 15:18:07: run with --install /usr/bin/rvim rvim /usr/bin/vim.basic 30
update-alternatives 2026-03-11 15:18:07: link group rvim updated to point to /usr/bin/vim.basic
update-alternatives 2026-03-11 15:18:07: run with --install /usr/bin/vi vi /usr/bin/vim.basic 30 --slave /usr/share/man/man1/vi.1.gz vi.1.gz /usr/share/man/man1/vim.1.gz --slave /usr/share/man/da/man1/vi.1.gz vi.da.1.gz /usr/share/man/da/man1/vim.1.gz --slave /usr/share/man/de/man1/vi.1.gz vi.de.1.gz /usr/share/man/de/man1/vim.1.gz --slave /usr/share/man/fr/man1/vi.1.gz vi.fr.1.gz /usr/share/man/fr/man1/vim.1.gz --slave /usr/share/man/it/man1/vi.1.gz vi.it.1.gz /usr/share/man/it/man1/vim.1.gz --slave /usr/share/man/ja/man1/vi.1.gz vi.ja.1.gz /usr/share/man/ja/man1/vim.1.gz --slave /usr/share/man/pl/man1/vi.1.gz vi.pl.1.gz /usr/share/man/pl/man1/vim.1.gz --slave /usr/share/man/ru/man1/vi.1.gz vi.ru.1.gz /usr/share/man/ru/man1/vim.1.gz --slave /usr/share/man/tr/man1/vi.1.gz vi.tr.1.gz /usr/share/man/tr/man1/vim.1.gz
update-alternatives 2026-03-11 15:18:07: link group vi updated to point to /usr/bin/vim.basic
update-alternatives 2026-03-11 15:18:07: run with --install /usr/bin/view view /usr/bin/vim.basic 30 --slave /usr/share/man/man1/view.1.gz view.1.gz /usr/share/man/man1/vim.1.gz --slave /usr/share/man/da/man1/view.1.gz view.da.1.gz /usr/share/man/da/man1/vim.1.gz --slave /usr/share/man/de/man1/view.1.gz view.de.1.gz /usr/share/man/de/man1/vim.1.gz --slave /usr/share/man/fr/man1/view.1.gz view.fr.1.gz /usr/share/man/fr/man1/vim.1.gz --slave /usr/share/man/it/man1/view.1.gz view.it.1.gz /usr/share/man/it/man1/vim.1.gz --slave /usr/share/man/ja/man1/view.1.gz view.ja.1.gz /usr/share/man/ja/man1/vim.1.gz --slave /usr/share/man/pl/man1/view.1.gz view.pl.1.gz /usr/share/man/pl/man1/vim.1.gz --slave /usr/share/man/ru/man1/view.1.gz view.ru.1.gz /usr/share/man/ru/man1/vim.1.gz --slave /usr/share/man/tr/man1/view.1.gz view.tr.1.gz /usr/share/man/tr/man1/vim.1.gz
update-alternatives 2026-03-11 15:18:07: link group view updated to point to /usr/bin/vim.basic
update-alternatives 2026-03-11 15:18:07: run with --install /usr/bin/vim vim /usr/bin/vim.basic 30
update-alternatives 2026-03-11 15:18:07: link group vim updated to point to /usr/bin/vim.basic
update-alternatives 2026-03-11 15:18:07: run with --install /usr/bin/vimdiff vimdiff /usr/bin/vim.basic 30
update-alternatives 2026-03-11 15:18:07: link group vimdiff updated to point to /usr/bin/vim.basic
update-alternatives 2026-03-11 15:18:30: run with --install /usr/bin/php php /usr/bin/php8.4 84 --slave /usr/share/man/man1/php.1.gz php.1.gz /usr/share/man/man1/php8.4.1.gz
update-alternatives 2026-03-11 15:18:30: link group php updated to point to /usr/bin/php8.4
update-alternatives 2026-03-11 15:18:30: run with --install /usr/bin/phar phar /usr/bin/phar8.4 84 --slave /usr/share/man/man1/phar.1.gz phar.1.gz /usr/share/man/man1/phar8.4.1.gz
update-alternatives 2026-03-11 15:18:30: link group phar updated to point to /usr/bin/phar8.4
update-alternatives 2026-03-11 15:18:30: run with --install /usr/bin/phar.phar phar.phar /usr/bin/phar.phar8.4 84 --slave /usr/share/man/man1/phar.phar.1.gz phar.phar.1.gz /usr/share/man/man1/phar.phar8.4.1.gz
update-alternatives 2026-03-11 15:18:30: link group phar.phar updated to point to /usr/bin/phar.phar8.4
update-alternatives 2026-03-11 18:02:24: run with --install /usr/bin/fakeroot fakeroot /usr/bin/fakeroot-sysv 50 --slave /usr/share/man/man1/fakeroot.1.gz fakeroot.1.gz /usr/share/man/man1/fakeroot-sysv.1.gz --slave /usr/share/man/man1/faked.1.gz faked.1.gz /usr/share/man/man1/faked-sysv.1.gz --slave /usr/share/man/es/man1/fakeroot.1.gz fakeroot.es.1.gz /usr/share/man/es/man1/fakeroot-sysv.1.gz --slave /usr/share/man/es/man1/faked.1.gz faked.es.1.gz /usr/share/man/es/man1/faked-sysv.1.gz --slave /usr/share/man/fr/man1/fakeroot.1.gz fakeroot.fr.1.gz /usr/share/man/fr/man1/fakeroot-sysv.1.gz --slave /usr/share/man/fr/man1/faked.1.gz faked.fr.1.gz /usr/share/man/fr/man1/faked-sysv.1.gz --slave /usr/share/man/sv/man1/fakeroot.1.gz fakeroot.sv.1.gz /usr/share/man/sv/man1/fakeroot-sysv.1.gz --slave /usr/share/man/sv/man1/faked.1.gz faked.sv.1.gz /usr/share/man/sv/man1/faked-sysv.1.gz
update-alternatives 2026-03-11 18:02:24: link group fakeroot updated to point to /usr/bin/fakeroot-sysv
update-alternatives 2026-03-11 18:02:24: run with --install /usr/bin/fakeroot fakeroot /usr/bin/fakeroot-tcp 30 --slave /usr/share/man/man1/fakeroot.1.gz fakeroot.1.gz /usr/share/man/man1/fakeroot-tcp.1.gz --slave /usr/share/man/man1/faked.1.gz faked.1.gz /usr/share/man/man1/faked-tcp.1.gz --slave /usr/share/man/es/man1/fakeroot.1.gz fakeroot.es.1.gz /usr/share/man/es/man1/fakeroot-tcp.1.gz --slave /usr/share/man/es/man1/faked.1.gz faked.es.1.gz /usr/share/man/es/man1/faked-tcp.1.gz --slave /usr/share/man/fr/man1/fakeroot.1.gz fakeroot.fr.1.gz /usr/share/man/fr/man1/fakeroot-tcp.1.gz --slave /usr/share/man/fr/man1/faked.1.gz faked.fr.1.gz /usr/share/man/fr/man1/faked-tcp.1.gz --slave /usr/share/man/sv/man1/fakeroot.1.gz fakeroot.sv.1.gz /usr/share/man/sv/man1/fakeroot-tcp.1.gz --slave /usr/share/man/sv/man1/faked.1.gz faked.sv.1.gz /usr/share/man/sv/man1/faked-tcp.1.gz
update-alternatives 2026-03-11 18:02:25: run with --install /usr/bin/lzma lzma /usr/bin/xz 20 --slave /usr/share/man/man1/lzma.1.gz lzma.1.gz /usr/share/man/man1/xz.1.gz --slave /usr/bin/unlzma unlzma /usr/bin/unxz --slave /usr/share/man/man1/unlzma.1.gz unlzma.1.gz /usr/share/man/man1/unxz.1.gz --slave /usr/bin/lzcat lzcat /usr/bin/xzcat --slave /usr/share/man/man1/lzcat.1.gz lzcat.1.gz /usr/share/man/man1/xzcat.1.gz --slave /usr/bin/lzmore lzmore /usr/bin/xzmore --slave /usr/share/man/man1/lzmore.1.gz lzmore.1.gz /usr/share/man/man1/xzmore.1.gz --slave /usr/bin/lzless lzless /usr/bin/xzless --slave /usr/share/man/man1/lzless.1.gz lzless.1.gz /usr/share/man/man1/xzless.1.gz --slave /usr/bin/lzdiff lzdiff /usr/bin/xzdiff --slave /usr/share/man/man1/lzdiff.1.gz lzdiff.1.gz /usr/share/man/man1/xzdiff.1.gz --slave /usr/bin/lzcmp lzcmp /usr/bin/xzcmp --slave /usr/share/man/man1/lzcmp.1.gz lzcmp.1.gz /usr/share/man/man1/xzcmp.1.gz --slave /usr/bin/lzgrep lzgrep /usr/bin/xzgrep --slave /usr/share/man/man1/lzgrep.1.gz lzgrep.1.gz /usr/share/man/man1/xzgrep.1.gz --slave /usr/bin/lzegrep lzegrep /usr/bin/xzegrep --slave /usr/share/man/man1/lzegrep.1.gz lzegrep.1.gz /usr/share/man/man1/xzegrep.1.gz --slave /usr/bin/lzfgrep lzfgrep /usr/bin/xzfgrep --slave /usr/share/man/man1/lzfgrep.1.gz lzfgrep.1.gz /usr/share/man/man1/xzfgrep.1.gz
update-alternatives 2026-03-11 18:02:25: link group lzma updated to point to /usr/bin/xz
update-alternatives 2026-03-11 18:02:38: run with --quiet --install /lib/cpp cpp /usr/bin/cpp 10
update-alternatives 2026-03-11 18:02:38: link group cpp updated to point to /usr/bin/cpp
update-alternatives 2026-03-11 18:02:42: run with --quiet --install /usr/bin/cc cc /usr/bin/gcc 20
update-alternatives 2026-03-11 18:02:42: link group cc updated to point to /usr/bin/gcc
update-alternatives 2026-03-11 18:02:42: run with --quiet --install /usr/bin/c89 c89 /usr/bin/c89-gcc 20 --slave /usr/share/man/man1/c89.1.gz c89.1.gz /usr/share/man/man1/c89-gcc.1.gz
update-alternatives 2026-03-11 18:02:42: link group c89 updated to point to /usr/bin/c89-gcc
update-alternatives 2026-03-11 18:02:42: run with --quiet --install /usr/bin/c99 c99 /usr/bin/c99-gcc 20 --slave /usr/share/man/man1/c99.1.gz c99.1.gz /usr/share/man/man1/c99-gcc.1.gz
update-alternatives 2026-03-11 18:02:42: link group c99 updated to point to /usr/bin/c99-gcc
update-alternatives 2026-03-11 18:02:43: run with --install /usr/bin/c++ c++ /usr/bin/g++ 20
update-alternatives 2026-03-11 18:02:43: link group c++ updated to point to /usr/bin/g++
update-alternatives 2026-03-11 18:34:34: run with --install /usr/bin/mt mt /usr/bin/mt-gnu 10 --slave /usr/share/man/man1/mt.1.gz mt.1.gz /usr/share/man/man1/mt-gnu.1.gz
update-alternatives 2026-03-11 18:34:34: link group mt updated to point to /usr/bin/mt-gnu
update-alternatives 2026-03-11 19:07:55: run with --install /bin/nc nc /bin/nc.openbsd 50 --slave /bin/netcat netcat /bin/nc.openbsd --slave /usr/share/man/man1/nc.1.gz nc.1.gz /usr/share/man/man1/nc_openbsd.1.gz --slave /usr/share/man/man1/netcat.1.gz netcat.1.gz /usr/share/man/man1/nc_openbsd.1.gz
update-alternatives 2026-03-11 19:07:55: link group nc updated to point to /bin/nc.openbsd
update-alternatives 2026-03-11 21:42:09: run with --install /usr/bin/open open /usr/bin/xdg-open 50 --slave /usr/share/man/man1/open.1.gz open.1.gz /usr/share/man/man1/xdg-open.1.gz
update-alternatives 2026-03-11 21:42:09: link group open updated to point to /usr/bin/xdg-open
update-alternatives 2026-03-11 21:42:18: run with --install /usr/share/icons/default/index.theme x-cursor-theme /usr/share/icons/Adwaita/cursor.theme 90
update-alternatives 2026-03-11 21:42:18: link group x-cursor-theme updated to point to /usr/share/icons/Adwaita/cursor.theme
update-alternatives 2026-03-11 21:42:37: run with --install /usr/bin/x-terminal-emulator x-terminal-emulator /usr/bin/zutty 40 --slave /usr/share/man/man1/x-terminal-emulator.1.gz x-terminal-emulator.1.gz /usr/share/man/man1/zutty.1.gz
update-alternatives 2026-03-11 21:42:37: link group x-terminal-emulator updated to point to /usr/bin/zutty
update-alternatives 2026-03-11 21:42:39: run with --install /usr/bin/x-www-browser x-www-browser /usr/bin/chromium 40
update-alternatives 2026-03-11 21:42:39: link group x-www-browser updated to point to /usr/bin/chromium
update-alternatives 2026-03-11 21:42:39: run with --install /usr/bin/gnome-www-browser gnome-www-browser /usr/bin/chromium 40
update-alternatives 2026-03-11 21:42:39: link group gnome-www-browser updated to point to /usr/bin/chromium
update-alternatives 2026-03-11 21:55:02: run with --install /usr/bin/tdbbackup tdbbackup /usr/bin/tdbbackup.tdbtools 10 --slave /usr/share/man/man8/tdbbackup.8.gz tdbbackup.8.gz /usr/share/man/man8/tdbbackup.tdbtools.8.gz
update-alternatives 2026-03-11 21:55:02: link group tdbbackup updated to point to /usr/bin/tdbbackup.tdbtools
update-alternatives 2026-03-11 21:55:09: run with --quiet --install /usr/bin/pinentry pinentry /usr/bin/pinentry-curses 50 --slave /usr/share/man/man1/pinentry.1.gz pinentry.1.gz /usr/share/man/man1/pinentry-curses.1.gz
update-alternatives 2026-03-11 21:55:09: link group pinentry updated to point to /usr/bin/pinentry-curses
update-alternatives 2026-03-13 17:26:02: run with --install /etc/mysql/my.cnf my.cnf /etc/mysql/my.cnf.fallback 100
update-alternatives 2026-03-13 17:26:02: link group my.cnf updated to point to /etc/mysql/my.cnf.fallback
update-alternatives 2026-03-13 17:26:02: run with --install /etc/mysql/my.cnf my.cnf /etc/mysql/mariadb.cnf 200
update-alternatives 2026-03-13 17:26:02: link group my.cnf updated to point to /etc/mysql/mariadb.cnf
update-alternatives 2026-03-13 17:26:14: run with --quiet --install /usr/bin/awk awk /usr/bin/gawk 10 --slave /usr/share/man/man1/awk.1.gz awk.1.gz /usr/share/man/man1/gawk.1.gz --slave /usr/bin/nawk nawk /usr/bin/gawk --slave /usr/share/man/man1/nawk.1.gz nawk.1.gz /usr/share/man/man1/gawk.1.gz
update-alternatives 2026-03-13 17:26:14: link group awk updated to point to /usr/bin/gawk
